<?xml version="1.0" encoding="UTF-8"?>
<!-- Generated by org.testng.reporters.JUnitReportReporter -->
<testsuite hostname="AswinikumarsMBP.lan" name="twc.Regression.TestCases.regressionTestCases" tests="26" failures="0" timestamp="19 Aug 2021 15:52:35 GMT" time="34.171" errors="0">
  <testcase name="C333203_Verify_cust_param_dma" time="1.579" classname="twc.Regression.TestCases.regressionTestCases"/>
  <testcase name="Smoke_Test_Verifying_SlotName_Cust_Param_homescreen_hourly_adCall" time="0.067" classname="twc.Regression.TestCases.regressionTestCases"/>
  <testcase name="C333209_Verify_cust_param_cc" time="1.492" classname="twc.Regression.TestCases.regressionTestCases"/>
  <testcase name="C333224_Verify_cust_param_uv" time="1.576" classname="twc.Regression.TestCases.regressionTestCases"/>
  <testcase name="C333239_Verify_cust_param_tmpc" time="1.606" classname="twc.Regression.TestCases.regressionTestCases"/>
  <testcase name="C333213_Verify_cust_param_adid" time="1.881" classname="twc.Regression.TestCases.regressionTestCases"/>
  <testcase name="C333208_Verify_cust_param_tmp" time="1.744" classname="twc.Regression.TestCases.regressionTestCases"/>
  <testcase name="C333216_Verify_cust_param_cnd" time="1.780" classname="twc.Regression.TestCases.regressionTestCases"/>
  <testcase name="C333219_Verify_cust_param_ver" time="1.530" classname="twc.Regression.TestCases.regressionTestCases"/>
  <testcase name="Smoke_Test_Verifying_SlotName_Cust_Param_feed_1_adCall" time="0.063" classname="twc.Regression.TestCases.regressionTestCases"/>
  <testcase name="C333213_Verify_cust_param_ltv" time="1.581" classname="twc.Regression.TestCases.regressionTestCases"/>
  <testcase name="C658711_Verify_cust_param_lang" time="1.517" classname="twc.Regression.TestCases.regressionTestCases"/>
  <testcase name="C333200_Verify_cust_param_ord" time="1.595" classname="twc.Regression.TestCases.regressionTestCases"/>
  <testcase name="C333221_Verify_cust_param_wind" time="1.532" classname="twc.Regression.TestCases.regressionTestCases"/>
  <testcase name="Smoke_Test_Verifying_SlotName_Cust_Param_homescreen_marquee_adCall" time="0.070" classname="twc.Regression.TestCases.regressionTestCases"/>
  <testcase name="C333218_Verify_cust_param_pos" time="1.469" classname="twc.Regression.TestCases.regressionTestCases"/>
  <testcase name="C333212_Verify_cust_param_ct" time="1.584" classname="twc.Regression.TestCases.regressionTestCases"/>
  <testcase name="C658716_Verify_cust_param_tf" time="0.936" classname="twc.Regression.TestCases.regressionTestCases"/>
  <testcase name="C628160_Verify_Parameter_DyNght" time="1.441" classname="twc.Regression.TestCases.regressionTestCases"/>
  <testcase name="C333202_Verify_cust_param_zip" time="1.480" classname="twc.Regression.TestCases.regressionTestCases"/>
  <testcase name="C333232_Verify_cust_param_fltmpc" time="1.567" classname="twc.Regression.TestCases.regressionTestCases"/>
  <testcase name="C658712_Verify_cust_param_plat" time="1.469" classname="twc.Regression.TestCases.regressionTestCases"/>
  <testcase name="C333213_Verify_cust_param_aid" time="1.392" classname="twc.Regression.TestCases.regressionTestCases"/>
  <testcase name="Smoke_Test_Verifying_IM_Cust_Param_homescreen_marquee_adCall" time="0.069" classname="twc.Regression.TestCases.regressionTestCases"/>
  <testcase name="C333205_Verify_cust_param_tile" time="1.442" classname="twc.Regression.TestCases.regressionTestCases"/>
  <testcase name="C333217_Verify_cust_param_tmpr" time="1.709" classname="twc.Regression.TestCases.regressionTestCases"/>
</testsuite> <!-- twc.Regression.TestCases.regressionTestCases -->
